生成启动时间为 2015/5/9 16:39:52。
     1>项目“D:\Visual Studio 2013\Projects\橡皮筋\橡皮筋1\橡皮筋1.vcxproj”在节点 2 上(Build 个目标)。
     1>ClCompile:
         C:\Program Files (x86)\Microsoft Visual Studio 12.0\VC\bin\CL.exe /c /ZI /nologo /W3 /WX- /sdl /Od /Oy- /D WIN32 /D _WINDOWS /D _DEBUG /D _UNICODE /D UNICODE /D _AFXDLL /Gm /EHsc /RTC1 /MDd /GS /fp:precise /Zc:wchar_t /Zc:forScope /Yc"stdafx.h" /Fp"Debug\橡皮筋1.pch" /Fo"Debug\\" /Fd"Debug\vc120.pdb" /Gd /TP /analyze- /errorReport:prompt stdafx.cpp
         stdafx.cpp
         C:\Program Files (x86)\Microsoft Visual Studio 12.0\VC\bin\CL.exe /c /ZI /nologo /W3 /WX- /sdl /Od /Oy- /D WIN32 /D _WINDOWS /D _DEBUG /D _UNICODE /D UNICODE /D _AFXDLL /Gm /EHsc /RTC1 /MDd /GS /fp:precise /Zc:wchar_t /Zc:forScope /Yu"stdafx.h" /Fp"Debug\橡皮筋1.pch" /Fo"Debug\\" /Fd"Debug\vc120.pdb" /Gd /TP /analyze- /errorReport:prompt MainFrm.cpp "橡皮筋1.cpp" "橡皮筋1Doc.cpp" "橡皮筋1View.cpp"
         橡皮筋1View.cpp
         橡皮筋1Doc.cpp
         橡皮筋1.cpp
         MainFrm.cpp
         正在生成代码...
       ResourceCompile:
         C:\Program Files (x86)\Windows Kits\8.1\bin\x86\rc.exe /D _DEBUG /D _UNICODE /D UNICODE /D _AFXDLL /l"0x0804" /IDebug\ /nologo /fo"Debug\橡皮筋1.res" "橡皮筋1.rc" 
       Link:
         C:\Program Files (x86)\Microsoft Visual Studio 12.0\VC\bin\link.exe /ERRORREPORT:PROMPT /OUT:"D:\Visual Studio 2013\Projects\橡皮筋\Debug\橡皮筋1.exe" /INCREMENTAL /NOLOGO /MANIFEST /MANIFESTUAC:"level='asInvoker' uiAccess='false'" /manifest:embed /manifestinput:"C:\Program Files (x86)\Microsoft Visual Studio 12.0\VC\Include\Manifest\dpiaware.manifest" /DEBUG /PDB:"D:\Visual Studio 2013\Projects\橡皮筋\Debug\橡皮筋1.pdb" /SUBSYSTEM:WINDOWS /TLBID:1 /ENTRY:"wWinMainCRTStartup" /DYNAMICBASE /NXCOMPAT /IMPLIB:"D:\Visual Studio 2013\Projects\橡皮筋\Debug\橡皮筋1.lib" /MACHINE:X86 "Debug\橡皮筋1.res"
         Debug\MainFrm.obj
         Debug\stdafx.obj
         "Debug\橡皮筋1.obj"
         "Debug\橡皮筋1Doc.obj"
         "Debug\橡皮筋1View.obj"
         橡皮筋1.vcxproj -> D:\Visual Studio 2013\Projects\橡皮筋\Debug\橡皮筋1.exe
     1>已完成生成项目“D:\Visual Studio 2013\Projects\橡皮筋\橡皮筋1\橡皮筋1.vcxproj”(Build 个目标)的操作。

生成成功。

已用时间 00:00:09.55
